cl : Command line warning D9002: ignoring unknown option '/arch:SSE2'
  main.cpp
main.cpp(362): warning C4244: 'argument': conversion from '__int64' to 'int', possible loss of data
main.cpp(477): warning C4554: '&': check operator precedence for possible error; use parentheses to clarify precedence
main.cpp(516): warning C4554: '&': check operator precedence for possible error; use parentheses to clarify precedence
main.cpp(556): warning C4554: '&': check operator precedence for possible error; use parentheses to clarify precedence
main.cpp(722): warning C4244: 'initializing': conversion from '__int64' to 'int', possible loss of data
main.cpp(1009): warning C4244: '=': conversion from 'int' to 'float', possible loss of data
main.cpp(1047): warning C4244: 'initializing': conversion from 'std::chrono::system_clock::rep' to 'unsigned int', possible loss of data
C:\Program Files (x86)\Microsoft Visual Studio 14.0\VC\include\numeric(20): warning C4244: '=': conversion from 'float' to 'int', possible loss of data
  C:\Program Files (x86)\Microsoft Visual Studio 14.0\VC\include\numeric(30): note: see reference to function template instantiation '_Ty std::_Accumulate_unchecked<float*,_Ty,_Fn2>(_InIt,_InIt,_Ty,_Fn2 &)' being compiled
          with
          [
              _Ty=int,
              _Fn2=std::plus<void>,
              _InIt=float *
          ]
  C:\Program Files (x86)\Microsoft Visual Studio 14.0\VC\include\numeric(38): note: see reference to function template instantiation '_Ty std::accumulate<_InIt,_Ty,std::plus<void>>(_InIt,_InIt,_Ty,_Fn2)' being compiled
          with
          [
              _Ty=int,
              _InIt=std::_Vector_iterator<std::_Vector_val<std::_Simple_types<float>>>,
              _Fn2=std::plus<void>
          ]
  main.cpp(1009): note: see reference to function template instantiation '_Ty std::accumulate<std::_Vector_iterator<std::_Vector_val<std::_Simple_types<float>>>,int>(_InIt,_InIt,_Ty)' being compiled
          with
          [
              _Ty=int,
              _InIt=std::_Vector_iterator<std::_Vector_val<std::_Simple_types<float>>>
          ]
  progproblems.vcxproj -> C:\Users\andrewbunn\Documents\Visual Studio 2013\Projects\dfs\x64\Debug\progproblems.exe
  progproblems.vcxproj -> C:\Users\andrewbunn\Documents\Visual Studio 2013\Projects\dfs\x64\Debug\progproblems.pdb (Full PDB)
