Build started 10/21/2016 2:19:10 PM.
     1>Project "C:\Users\andrewbunn\documents\visual studio 2013\Projects\progproblems\progproblems\progproblems.vcxproj" on node 2 (Rebuild target(s)).
     1>ClCompile:
         C:\Program Files (x86)\Microsoft Visual Studio 12.0\VC\bin\CL.exe /c /nologo /W3 /WX- /sdl /Ox /Ob2 /Oi /Ot /Oy- /D _MBCS /Gm /EHsc /MDd /GS /Qpar /arch:SSE2 /fp:fast /Zc:wchar_t /Zc:forScope /Fo"Debug\\" /Fd"Debug\vc120.pdb" /Gd /TP /analyze- /errorReport:prompt main.cpp
     1>cl : Command line warning D9007: '/Gm' requires '/Zi or /ZI'; option ignored
         main.cpp
     1>main.cpp(665): warning C4018: '<' : signed/unsigned mismatch
     1>main.cpp(714): warning C4018: '<' : signed/unsigned mismatch
     1>main.cpp(860): warning C4018: '<' : signed/unsigned mismatch
     1>main.cpp(992): warning C4018: '<' : signed/unsigned mismatch
     1>main.cpp(1356): warning C4018: '<=' : signed/unsigned mismatch
     1>main.cpp(1368): warning C4018: '<=' : signed/unsigned mismatch
     1>main.cpp(1444): warning C4018: '<' : signed/unsigned mismatch
     1>main.cpp(1504): warning C4554: '&' : check operator precedence for possible error; use parentheses to clarify precedence
     1>c:\users\andrewbunn\documents\visual studio 2013\projects\progproblems\progproblems\main.cpp(1014): warning C4715: 'search' : not all control paths return a value
       Link:
         C:\Program Files (x86)\Microsoft Visual Studio 12.0\VC\bin\link.exe /ERRORREPORT:PROMPT /OUT:"C:\Users\andrewbunn\documents\visual studio 2013\Projects\progproblems\Debug\progproblems.exe" /INCREMENTAL /NOLOGO kernel32.lib user32.lib gdi32.lib winspool.lib comdlg32.lib advapi32.lib shell32.lib ole32.lib oleaut32.lib uuid.lib odbc32.lib odbccp32.lib /MANIFEST /MANIFESTUAC:"level='asInvoker' uiAccess='false'" /manifest:embed /DEBUG /PDB:"C:\Users\andrewbunn\documents\visual studio 2013\Projects\progproblems\Debug\progproblems.pdb" /TLBID:1 /DYNAMICBASE /NXCOMPAT /IMPLIB:"C:\Users\andrewbunn\documents\visual studio 2013\Projects\progproblems\Debug\progproblems.lib" /MACHINE:X86 Debug\main.obj
         progproblems.vcxproj -> C:\Users\andrewbunn\documents\visual studio 2013\Projects\progproblems\Debug\progproblems.exe
     1>Done Building Project "C:\Users\andrewbunn\documents\visual studio 2013\Projects\progproblems\progproblems\progproblems.vcxproj" (Rebuild target(s)).

Build succeeded.

Time Elapsed 00:00:01.66
